2026-03-19 00:00:33 [INFO] seedu.finbro.utils.Limit - Setting limit to 500
2026-03-19 00:00:33 [INFO] seedu.finbro.utils.Limit - Setting spent to 0
2026-03-20 08:48:45 [INFO] seedu.finbro.utils.Limit - Setting limit to 100
2026-03-20 08:48:45 [INFO] seedu.finbro.utils.Limit - Setting spent to 30
2026-03-20 08:48:53 [INFO] seedu.finbro.commands.HelpCommand - Help command invoked
2026-03-20 08:48:53 [INFO] seedu.finbro.commands.HelpCommand - Displayed help for 6 commands
2026-03-25 23:37:43 [INFO] seedu.finbro.storage.Storage - Loading expenses...
2026-03-25 23:37:43 [INFO] seedu.finbro.storage.Storage - Attempting to set limit to  0.00
2026-03-25 23:37:43 [INFO] seedu.finbro.utils.Limit - Setting limit to 0
2026-03-25 23:37:51 [INFO] seedu.finbro.storage.Storage - Loading expenses...
2026-03-25 23:38:28 [INFO] seedu.finbro.storage.Storage - Loading expenses...
2026-03-25 23:38:49 [INFO] seedu.finbro.storage.Storage - Loading expenses...
2026-03-25 23:39:48 [INFO] seedu.finbro.commands.HelpCommand - Help command invoked
2026-03-25 23:39:48 [WARNING] seedu.finbro.commands.HelpCommand - Invalid command "", showing default help message
2026-03-26 11:17:42 [INFO] seedu.finbro.storage.Storage - Loading expenses...
2026-03-26 11:17:42 [INFO] seedu.finbro.storage.Storage - Attempting to set limit to  0.00
2026-03-26 11:17:42 [INFO] seedu.finbro.utils.Limit - Setting limit to 0
2026-03-26 11:18:28 [INFO] seedu.finbro.storage.Storage - Loading expenses...
2026-03-26 11:18:56 [INFO] seedu.finbro.storage.Storage - Loading expenses...
2026-03-26 12:23:31 [INFO] seedu.finbro.storage.Storage - Loading expenses...
2026-03-26 12:23:31 [INFO] seedu.finbro.storage.Storage - Attempting to set limit to  0.00
2026-03-26 12:23:31 [INFO] seedu.finbro.utils.Limit - Setting limit to 0
2026-03-26 12:23:50 [INFO] seedu.finbro.commands.HelpCommand - Help command invoked
2026-03-26 12:23:50 [WARNING] seedu.finbro.commands.HelpCommand - Invalid command "", showing default help message
2026-03-26 12:23:57 [WARNING] seedu.finbro.commands.ViewCommand - Invalid command format
2026-03-26 12:24:02 [INFO] seedu.finbro.commands.ViewCommand - Displaying all expenses
2026-03-26 12:24:16 [INFO] seedu.finbro.commands.SetLimitCommand - Attempting to set limit to: 20
2026-03-26 12:24:16 [INFO] seedu.finbro.commands.SetLimitCommand - Getting confirmation for limit change
2026-03-26 12:24:18 [INFO] seedu.finbro.commands.SetLimitCommand - Confirmation message: "yes", limit change accepted
2026-03-26 12:24:18 [INFO] seedu.finbro.utils.Limit - Setting limit to 20
2026-03-26 12:24:30 [WARNING] seedu.finbro.commands.AddCommand - Invalid command format
2026-03-26 12:24:49 [WARNING] seedu.finbro.commands.AddCommand - Invalid date format
2026-03-26 12:25:01 [INFO] seedu.finbro.commands.AddCommand - Attempting to add expense amount 8.5, category transport, date 26 March 2026
2026-03-26 12:25:01 [INFO] seedu.finbro.commands.AddCommand - Successfully added expense in category transport $8.5
2026-03-26 12:25:20 [WARNING] seedu.finbro.commands.AddCommand - Invalid number in expense amount
2026-03-26 12:25:35 [INFO] seedu.finbro.commands.AddCommand - Attempting to add expense amount 30, category food, date 26 March 2026
2026-03-26 12:25:35 [INFO] seedu.finbro.commands.AddCommand - Successfully added expense in category food $30.0
2026-03-26 12:26:14 [INFO] seedu.finbro.storage.Storage - Loading expenses...
2026-03-26 12:26:14 [INFO] seedu.finbro.storage.Storage - Attempting to set limit to  20.00
2026-03-26 12:26:14 [INFO] seedu.finbro.utils.Limit - Setting limit to 20
2026-03-26 13:05:04 [INFO] seedu.finbro.storage.Storage - Loading expenses...
2026-03-26 13:05:04 [INFO] seedu.finbro.storage.Storage - Attempting to set limit to  20.00
2026-03-26 13:05:04 [INFO] seedu.finbro.utils.Limit - Setting limit to 20
2026-03-26 13:05:18 [INFO] seedu.finbro.commands.ViewCommand - Displaying all expenses
2026-03-26 13:05:52 [WARNING] seedu.finbro.commands.DeleteCommand - Invalid command format
2026-03-26 13:06:02 [INFO] seedu.finbro.commands.DeleteCommand - Attempting to delete expense in category food ##1
2026-03-26 13:06:02 [WARNING] seedu.finbro.commands.DeleteCommand - Invalid category index number
2026-03-26 13:06:15 [INFO] seedu.finbro.commands.DeleteCommand - Attempting to delete expense in category food #1
2026-03-26 13:06:15 [INFO] seedu.finbro.commands.DeleteCommand - Successfully deleted expense in category food #1
2026-03-26 13:07:54 [INFO] seedu.finbro.storage.Storage - Loading expenses...
2026-03-26 13:07:54 [INFO] seedu.finbro.storage.Storage - Attempting to set limit to  20.00
2026-03-26 13:07:54 [INFO] seedu.finbro.utils.Limit - Setting limit to 20
2026-03-26 13:08:02 [INFO] seedu.finbro.commands.ViewCommand - Displaying all expenses
2026-03-26 13:08:07 [INFO] seedu.finbro.commands.ViewCommand - Displaying expenses in category transport
2026-03-26 13:10:33 [INFO] seedu.finbro.storage.Storage - Loading expenses...
2026-03-26 13:10:33 [INFO] seedu.finbro.storage.Storage - Attempting to set limit to  20.00
2026-03-26 13:10:33 [INFO] seedu.finbro.utils.Limit - Setting limit to 20
2026-03-26 13:10:41 [WARNING] seedu.finbro.commands.ViewCommand - Invalid category name
2026-03-26 13:10:48 [INFO] seedu.finbro.commands.ViewCommand - Displaying expenses in category transport
2026-03-26 13:10:54 [INFO] seedu.finbro.commands.ViewCommand - Displaying all expenses
2026-03-26 13:11:13 [INFO] seedu.finbro.commands.SetLimitCommand - Display current limit
2026-03-26 13:11:19 [INFO] seedu.finbro.commands.SetLimitCommand - Attempting to set limit to: 30
2026-03-26 13:11:19 [INFO] seedu.finbro.commands.SetLimitCommand - Getting confirmation for limit change
2026-03-26 13:11:21 [INFO] seedu.finbro.commands.SetLimitCommand - Confirmation message: "yes", limit change accepted
2026-03-26 13:11:21 [INFO] seedu.finbro.utils.Limit - Setting limit to 30
2026-03-26 13:11:26 [INFO] seedu.finbro.commands.SetLimitCommand - Attempting to set limit to: 28
2026-03-26 13:11:26 [INFO] seedu.finbro.commands.SetLimitCommand - Getting confirmation for limit change
2026-03-26 13:11:28 [INFO] seedu.finbro.commands.SetLimitCommand - Confirmation message: "yes", limit change accepted
2026-03-26 13:11:28 [INFO] seedu.finbro.utils.Limit - Setting limit to 28
2026-03-26 13:11:32 [INFO] seedu.finbro.commands.SetLimitCommand - Attempting to set limit to: 29
2026-03-26 13:11:32 [INFO] seedu.finbro.commands.SetLimitCommand - Getting confirmation for limit change
2026-03-26 13:11:34 [INFO] seedu.finbro.commands.SetLimitCommand - Confirmation message: "yes", limit change accepted
2026-03-26 13:11:34 [INFO] seedu.finbro.utils.Limit - Setting limit to 29
2026-03-27 10:18:36 [INFO] seedu.finbro.storage.Storage - Loading expenses...
2026-03-27 10:18:36 [INFO] seedu.finbro.storage.Storage - Attempting to set limit to  29.00
2026-03-27 10:18:36 [INFO] seedu.finbro.utils.Limit - Setting limit to 29
2026-03-27 10:18:44 [INFO] seedu.finbro.commands.ViewCommand - Displaying all expenses
2026-03-27 10:19:58 [WARNING] seedu.finbro.commands.AddCommand - Invalid command format
2026-03-27 10:20:48 [INFO] seedu.finbro.commands.ViewCommand - Displaying all expenses
2026-03-27 10:21:01 [INFO] seedu.finbro.commands.EditLimitCommand - Starting EditLimitCommand. Current limit: 29
2026-03-27 10:21:07 [INFO] seedu.finbro.commands.EditLimitCommand - User selected option: 1
2026-03-27 10:21:07 [INFO] seedu.finbro.commands.EditLimitCommand - User chose to increase limit
2026-03-27 10:21:10 [INFO] seedu.finbro.commands.EditLimitCommand - Increase amount entered: 100
2026-03-27 10:21:10 [INFO] seedu.finbro.commands.SetLimitCommand - Getting confirmation for limit change
2026-03-27 10:21:13 [INFO] seedu.finbro.commands.SetLimitCommand - Confirmation message: "yes", limit change accepted
2026-03-27 10:21:13 [INFO] seedu.finbro.utils.Limit - Setting limit to 129
2026-03-27 10:21:13 [INFO] seedu.finbro.commands.EditLimitCommand - Limit successfully updated to: 129
2026-03-27 10:23:37 [WARNING] seedu.finbro.commands.AddCommand - Invalid date format
2026-03-27 10:24:15 [WARNING] seedu.finbro.commands.DeleteCommand - Invalid command format
2026-03-27 10:24:21 [INFO] seedu.finbro.commands.DeleteCommand - Attempting to delete expense in category 10 #1
2026-03-27 10:24:21 [WARNING] seedu.finbro.commands.DeleteCommand - Expense category not found
2026-03-27 10:24:27 [INFO] seedu.finbro.commands.ViewCommand - Displaying all expenses
2026-03-27 10:41:59 [INFO] seedu.finbro.storage.Storage - Loading expenses...
2026-03-27 10:41:59 [INFO] seedu.finbro.storage.Storage - Attempting to set limit to  129.00
2026-03-27 10:41:59 [INFO] seedu.finbro.utils.Limit - Setting limit to 129
2026-03-27 10:42:39 [WARNING] seedu.finbro.commands.AddCommand - Invalid date format
2026-03-27 10:44:06 [INFO] seedu.finbro.commands.ViewCommand - Displaying expenses in category transport
2026-03-27 11:30:56 [INFO] seedu.finbro.storage.Storage - Loading expenses...
2026-03-27 11:30:56 [INFO] seedu.finbro.storage.Storage - Attempting to set limit to  129.00
2026-03-27 11:30:56 [INFO] seedu.finbro.utils.Limit - Setting limit to 129
2026-03-27 11:31:06 [WARNING] seedu.finbro.commands.AddCommand - Invalid command format
